<?xml version="1.0" encoding="UTF-8"?>
<robot generator="Robot 3.1.2 (Python 3.6.0 on win32)" generated="20190704 10:50:19.719" rpa="false">
<suite id="s1" name="Exit For Test" source="F:\pythonTest\robot\rf_demos\exit_for_test.robot">
<test id="s1-t1" name="Exit Example">
<kw name="Set Variable" library="BuiltIn">
<doc>Returns the given values which can then be assigned to a variables.</doc>
<arguments>
<arg>${EMPTY}</arg>
</arguments>
<assign>
<var>${text}</var>
</assign>
<msg timestamp="20190704 10:50:19.766" level="INFO">${text} = </msg>
<status status="PASS" starttime="20190704 10:50:19.766" endtime="20190704 10:50:19.766"></status>
</kw>
<kw name="${var} IN [ one | two ]" type="for">
<kw name="${var} = one" type="foritem">
<kw name="Run Keyword If" library="BuiltIn">
<doc>Runs the given keyword with the given arguments, if ``condition`` is true.</doc>
<arguments>
<arg>'${var}' == 'two'</arg>
<arg>Exit For Loop</arg>
</arguments>
<status status="PASS" starttime="20190704 10:50:19.766" endtime="20190704 10:50:19.766"></status>
</kw>
<kw name="Set Variable" library="BuiltIn">
<doc>Returns the given values which can then be assigned to a variables.</doc>
<arguments>
<arg>${text}${var}</arg>
</arguments>
<assign>
<var>${text}</var>
</assign>
<msg timestamp="20190704 10:50:19.766" level="INFO">${text} = one</msg>
<status status="PASS" starttime="20190704 10:50:19.766" endtime="20190704 10:50:19.766"></status>
</kw>
<status status="PASS" starttime="20190704 10:50:19.766" endtime="20190704 10:50:19.766"></status>
</kw>
<kw name="${var} = two" type="foritem">
<kw name="Run Keyword If" library="BuiltIn">
<doc>Runs the given keyword with the given arguments, if ``condition`` is true.</doc>
<arguments>
<arg>'${var}' == 'two'</arg>
<arg>Exit For Loop</arg>
</arguments>
<kw name="Exit For Loop" library="BuiltIn">
<doc>Stops executing the enclosing for loop.</doc>
<msg timestamp="20190704 10:50:19.766" level="INFO">Exiting for loop altogether.</msg>
<status status="PASS" starttime="20190704 10:50:19.766" endtime="20190704 10:50:19.766"></status>
</kw>
<status status="PASS" starttime="20190704 10:50:19.766" endtime="20190704 10:50:19.766"></status>
</kw>
<status status="PASS" starttime="20190704 10:50:19.766" endtime="20190704 10:50:19.766"></status>
</kw>
<status status="PASS" starttime="20190704 10:50:19.766" endtime="20190704 10:50:19.766"></status>
</kw>
<kw name="Should Be Equal" library="BuiltIn">
<doc>Fails if the given objects are unequal.</doc>
<arguments>
<arg>${text}</arg>
<arg>one</arg>
</arguments>
<status status="PASS" starttime="20190704 10:50:19.766" endtime="20190704 10:50:19.766"></status>
</kw>
<status status="PASS" starttime="20190704 10:50:19.766" endtime="20190704 10:50:19.781" critical="yes"></status>
</test>
<status status="PASS" starttime="20190704 10:50:19.734" endtime="20190704 10:50:19.781"></status>
</suite>
<statistics>
<total>
<stat pass="1" fail="0">Critical Tests</stat>
<stat pass="1" fail="0">All Tests</stat>
</total>
<tag>
</tag>
<suite>
<stat pass="1" fail="0" id="s1" name="Exit For Test">Exit For Test</stat>
</suite>
</statistics>
<errors>
</errors>
</robot>
