<?xml version="1.0" encoding="UTF-8"?>
<robot generator="Robot 3.1.2 (Python 3.6.0 on win32)" generated="20190709 23:29:34.629" rpa="false">
<suite id="s1" name="Example1 Baidu" source="F:\pythonTest\robot\rf_web\Example1 Baidu.robot">
<test id="s1-t1" name="baidu">
<kw name="Comment" library="BuiltIn">
<doc>Displays the given messages in the log file as keyword arguments.</doc>
<arguments>
<arg>用Chrome浏览器访问百度</arg>
</arguments>
<status status="PASS" starttime="20190709 23:29:36.061" endtime="20190709 23:29:36.061"></status>
</kw>
<kw name="Open Browser" library="Selenium2Library">
<doc>Opens a new browser instance to the given ``url``.</doc>
<arguments>
<arg>http://www.baidu.com</arg>
<arg>Chrome</arg>
</arguments>
<msg timestamp="20190709 23:29:36.063" level="INFO">Opening browser 'Chrome' to base url 'http://www.baidu.com'.</msg>
<status status="PASS" starttime="20190709 23:29:36.063" endtime="20190709 23:29:43.095"></status>
</kw>
<kw name="Comment" library="BuiltIn">
<doc>Displays the given messages in the log file as keyword arguments.</doc>
<arguments>
<arg>使用d定位到输入框，输入gloryroad</arg>
</arguments>
<status status="PASS" starttime="20190709 23:29:43.096" endtime="20190709 23:29:43.097"></status>
</kw>
<kw name="Input Password" library="Selenium2Library">
<doc>Types the given password into text field identified by ``locator``.</doc>
<arguments>
<arg>kw</arg>
<arg>gloryroad</arg>
</arguments>
<msg timestamp="20190709 23:29:43.099" level="INFO">Typing password into text field 'kw'.</msg>
<status status="PASS" starttime="20190709 23:29:43.099" endtime="20190709 23:29:43.580"></status>
</kw>
<kw name="Comment" library="BuiltIn">
<doc>Displays the given messages in the log file as keyword arguments.</doc>
<arguments>
<arg>使用id定位到搜索框并单击</arg>
</arguments>
<status status="PASS" starttime="20190709 23:29:43.581" endtime="20190709 23:29:43.582"></status>
</kw>
<kw name="Click Element" library="Selenium2Library">
<doc>Click element identified by ``locator``.</doc>
<arguments>
<arg>//*[@id='su']</arg>
</arguments>
<msg timestamp="20190709 23:29:43.584" level="INFO">Clicking element '//*[@id='su']'.</msg>
<status status="PASS" starttime="20190709 23:29:43.583" endtime="20190709 23:29:43.746"></status>
</kw>
<kw name="Comment" library="BuiltIn">
<doc>Displays the given messages in the log file as keyword arguments.</doc>
<arguments>
<arg>等待2描述</arg>
</arguments>
<status status="PASS" starttime="20190709 23:29:43.748" endtime="20190709 23:29:43.748"></status>
</kw>
<kw name="Sleep" library="BuiltIn">
<doc>Pauses the test executed for the given time.</doc>
<arguments>
<arg>2</arg>
</arguments>
<msg timestamp="20190709 23:29:45.751" level="INFO">Slept 2 seconds</msg>
<status status="PASS" starttime="20190709 23:29:43.749" endtime="20190709 23:29:45.751"></status>
</kw>
<kw name="Comment" library="BuiltIn">
<doc>Displays the given messages in the log file as keyword arguments.</doc>
<arguments>
<arg>断言网页的标题变为gloryroad_百度搜索</arg>
</arguments>
<status status="PASS" starttime="20190709 23:29:45.752" endtime="20190709 23:29:45.753"></status>
</kw>
<kw name="Title Should Be" library="Selenium2Library">
<doc>Verifies that current page title equals ``title``.</doc>
<arguments>
<arg>gloryroad_百度搜索</arg>
</arguments>
<msg timestamp="20190709 23:29:45.783" level="INFO">Page title is 'gloryroad_百度搜索'.</msg>
<status status="PASS" starttime="20190709 23:29:45.755" endtime="20190709 23:29:45.783"></status>
</kw>
<kw name="Comment" library="BuiltIn">
<doc>Displays the given messages in the log file as keyword arguments.</doc>
<arguments>
<arg>关闭浏览器</arg>
</arguments>
<status status="PASS" starttime="20190709 23:29:45.785" endtime="20190709 23:29:45.785"></status>
</kw>
<kw name="Close Browser" library="Selenium2Library">
<doc>Closes the current browser.</doc>
<status status="PASS" starttime="20190709 23:29:45.787" endtime="20190709 23:29:48.366"></status>
</kw>
<status status="PASS" starttime="20190709 23:29:36.060" endtime="20190709 23:29:53.567" critical="yes"></status>
</test>
<status status="PASS" starttime="20190709 23:29:34.651" endtime="20190709 23:29:53.583"></status>
</suite>
<statistics>
<total>
<stat pass="1" fail="0">Critical Tests</stat>
<stat pass="1" fail="0">All Tests</stat>
</total>
<tag>
</tag>
<suite>
<stat pass="1" fail="0" id="s1" name="Example1 Baidu">Example1 Baidu</stat>
</suite>
</statistics>
<errors>
</errors>
</robot>
